2018-03-05 13:03:33 -  - exec CUpdateClientPartner::SearchModulesEx
2018-03-05 13:03:33 -  - exec CUpdateClientPartner::__CollectRequestData
2018-03-05 13:03:33 -  - utf=Y&lang=ru&stable=Y&CANGZIP=Y&SUPD_DBS=MYSQL&XE=N&CLIENT_SITE=192.168.19.201&LICENSE_KEY=X&SUPD_STS=1&SUPD_URS=0&SUPD_URSA=1&TYPENC=D&CLIENT_PHPVER=7.0.26&NGINX=Y&dbv=5.7.19&instm=main%2C17.5.10%2CY%3Bseo%2C17.5.2%2CN%3Bbitrixcloud%2C17.0.1%2CN%3Bclouds%2C17.0.2%2CN%3Biblock%2C17.5.4%2CN%3Bbitrix.sitecorporate%2C15.5.0%2CN%3Btranslate%2C16.0.0%2CN%3Bsearch%2C17.0.1%2CN%3Bperfmon%2C17.0.1%2CN%3Bb24connector%2C17.5.0%2CN%3Bsocialservices%2C17.5.2%2CN%3Bui%2C17.5.4%2CN%3Bhighloadblock%2C17.5.0%2CN%3Bcompression%2C16.0.0%2CN%3Bfileman%2C17.5.9%2CN&search_module_id=&search_module=&search_category=7%2C14&search_type=&search_order=DESC&search_order_by=SORT&search_page=1&SUPD_SRS=RU&SUPD_CMP=N
2018-03-05 13:03:33 -  - exec CUpdateClientPartner::GetHTTPPage
2018-03-05 13:03:35 -  - TIME SearchModulesEx(request) 1.592 sec
2018-03-05 13:03:35 -  - exec CUpdateClientPartner::ParseServerData
2018-03-05 13:04:00 -  - exec CUpdateClientPartner::LoadModulesUpdates
2018-03-05 13:04:00 -  - exec CUpdateClientPartner::__CollectRequestData
2018-03-05 13:04:00 -  - utf=Y&lang=ru&stable=Y&CANGZIP=Y&SUPD_DBS=MYSQL&XE=N&CLIENT_SITE=192.168.19.201&LICENSE_KEY=X&SUPD_STS=1&SUPD_URS=0&SUPD_URSA=1&TYPENC=D&CLIENT_PHPVER=7.0.26&NGINX=Y&dbv=5.7.19&instm=main%2C17.5.10%2CY%3Bseo%2C17.5.2%2CN%3Bbitrixcloud%2C17.0.1%2CN%3Bclouds%2C17.0.2%2CN%3Biblock%2C17.5.4%2CN%3Bbitrix.sitecorporate%2C15.5.0%2CN%3Btranslate%2C16.0.0%2CN%3Bsearch%2C17.0.1%2CN%3Bperfmon%2C17.0.1%2CN%3Bb24connector%2C17.5.0%2CN%3Bsocialservices%2C17.5.2%2CN%3Bui%2C17.5.4%2CN%3Bhighloadblock%2C17.5.0%2CN%3Bcompression%2C16.0.0%2CN%3Bfileman%2C17.5.9%2CN&reqm=nsandrey.emptyinstall&lim=Y&SUPD_SRS=RU&SUPD_CMP=N
2018-03-05 13:04:00 -  - exec CUpdateClientPartner::GetHTTPPage
2018-03-05 13:04:01 -  - TIME LoadModulesUpdates(request) 0.325 sec
2018-03-05 13:04:01 -  - exec CUpdateClientPartner::ParseServerData
2018-03-05 13:04:01 - S - STEP
2018-03-05 13:04:01 - LM4W01 - loadModule4Wizard-Step
2018-03-05 13:04:01 -  - exec CUpdateClientPartner::LoadModulesUpdates
2018-03-05 13:04:01 -  - exec CUpdateClientPartner::ParseServerData
2018-03-05 13:04:01 -  - loadFile
2018-03-05 13:04:01 - U - RETURN
2018-03-05 13:04:01 -  - exec CUpdateClientPartner::UnGzipArchive
2018-03-05 13:04:01 -  - TIME UnGzipArchive 0.019 sec
2018-03-05 13:04:01 -  - TIME UpdateStepModules 0.011 sec
2018-03-05 13:04:01 -  - exec CUpdateClientPartner::LoadModulesUpdates
2018-03-05 13:04:01 -  - exec CUpdateClientPartner::__CollectRequestData
2018-03-05 13:04:01 -  - utf=Y&lang=ru&stable=Y&CANGZIP=Y&SUPD_DBS=MYSQL&XE=N&CLIENT_SITE=192.168.19.201&LICENSE_KEY=X&SUPD_STS=1&SUPD_URS=0&SUPD_URSA=1&TYPENC=D&CLIENT_PHPVER=7.0.26&NGINX=Y&dbv=5.7.19&instm=main%2C17.5.10%2CY%3Bseo%2C17.5.2%2CN%3Bbitrixcloud%2C17.0.1%2CN%3Bclouds%2C17.0.2%2CN%3Biblock%2C17.5.4%2CN%3Bbitrix.sitecorporate%2C15.5.0%2CN%3Btranslate%2C16.0.0%2CN%3Bsearch%2C17.0.1%2CN%3Bnsandrey.emptyinstall%2C1.0.2%2CN%3Bperfmon%2C17.0.1%2CN%3Bb24connector%2C17.5.0%2CN%3Bsocialservices%2C17.5.2%2CN%3Bui%2C17.5.4%2CN%3Bhighloadblock%2C17.5.0%2CN%3Bcompression%2C16.0.0%2CN%3Bfileman%2C17.5.9%2CN&reqm=nsandrey.emptyinstall&lim=Y&SUPD_SRS=RU&SUPD_CMP=N
2018-03-05 13:04:01 -  - exec CUpdateClientPartner::GetHTTPPage
2018-03-05 13:04:01 -  - TIME LoadModulesUpdates(request) 0.283 sec
2018-03-05 13:04:01 -  - exec CUpdateClientPartner::ParseServerData
2018-03-05 13:04:01 - STEP - Finish - NOUPDATES
2018-03-05 13:04:01 - LM4W03 - Finish - NOUPDATES
